<?xml version="1.0" encoding="UTF-8"?>
<testng-results skipped="0" failed="0" ignored="0" total="2" passed="2">
  <reporter-output>
  </reporter-output>
  <suite name="Default suite" duration-ms="1221" started-at="2020-05-07T11:15:25Z" finished-at="2020-05-07T11:15:26Z">
    <groups>
    </groups>
    <test name="Default test" duration-ms="1221" started-at="2020-05-07T11:15:25Z" finished-at="2020-05-07T11:15:26Z">
      <class name="com.qa.test.GetAPITest">
        <test-method status="PASS" signature="setUp()[pri:0, instance:com.qa.test.GetAPITest@26653222]" name="setUp" is-config="true" duration-ms="5" started-at="2020-05-07T11:15:25Z" finished-at="2020-05-07T11:15:25Z">
          <reporter-output>
          </reporter-output>
        </test-method> <!-- setUp -->
        <test-method status="PASS" signature="getAPITestWithoutHeaders()[pri:1, instance:com.qa.test.GetAPITest@26653222]" name="getAPITestWithoutHeaders" duration-ms="884" started-at="2020-05-07T11:15:25Z" finished-at="2020-05-07T11:15:26Z">
          <reporter-output>
          </reporter-output>
        </test-method> <!-- getAPITestWithoutHeaders -->
        <test-method status="PASS" signature="setUp()[pri:0, instance:com.qa.test.GetAPITest@26653222]" name="setUp" is-config="true" duration-ms="1" started-at="2020-05-07T11:15:26Z" finished-at="2020-05-07T11:15:26Z">
          <reporter-output>
          </reporter-output>
        </test-method> <!-- setUp -->
        <test-method status="PASS" signature="getAPITestWithHeaders()[pri:2, instance:com.qa.test.GetAPITest@26653222]" name="getAPITestWithHeaders" duration-ms="309" started-at="2020-05-07T11:15:26Z" finished-at="2020-05-07T11:15:26Z">
          <reporter-output>
          </reporter-output>
        </test-method> <!-- getAPITestWithHeaders -->
      </class> <!-- com.qa.test.GetAPITest -->
    </test> <!-- Default test -->
  </suite> <!-- Default suite -->
</testng-results>
